Arguments: 
  /usr/local/bin/node /Users/meshekah/.yarn/bin/yarn.js add promt-sync

PATH: 
  /Users/meshekah/.yarn/bin:/Users/meshekah/.config/yarn/global/node_modules/.bin:/usr/local/bin:/usr/bin:/bin:/usr/sbin:/sbin:/Users/meshekah/.yarn/bin:/Users/meshekah/.config/yarn/global/node_modules/.bin

Yarn version: 
  1.22.5

Node version: 
  14.15.4

Platform: 
  darwin x64

Trace: 
  Error: https://registry.yarnpkg.com/promt-sync: Not found
      at Request.params.callback [as _callback] (/Users/meshekah/.yarn/lib/cli.js:66988:18)
      at Request.self.callback (/Users/meshekah/.yarn/lib/cli.js:140749:22)
      at Request.emit (events.js:315:20)
      at Request.<anonymous> (/Users/meshekah/.yarn/lib/cli.js:141721:10)
      at Request.emit (events.js:315:20)
      at IncomingMessage.<anonymous> (/Users/meshekah/.yarn/lib/cli.js:141643:12)
      at Object.onceWrapper (events.js:421:28)
      at IncomingMessage.emit (events.js:327:22)
      at endReadableNT (internal/streams/readable.js:1327:12)
      at processTicksAndRejections (internal/process/task_queues.js:80:21)

npm manifest: 
  No manifest

yarn manifest: 
  No manifest

Lockfile: 
  # THIS IS AN AUTOGENERATED FILE. DO NOT EDIT THIS FILE DIRECTLY.
  # yarn lockfile v1
